0 verbose cli /usr/bin/node-18 /usr/bin/npm
1 info using npm@10.8.2
2 info using node@v18.20.8
3 silly config load:file:/usr/lib/nodejs18/lib/node_modules/npm/npmrc
4 silly config load:file:/home/ec2-user/.npmrc
5 silly config load:file:/etc/npmrc
6 verbose title npm install
7 verbose argv "install"
8 verbose logfile logs-max:10 dir:/home/ec2-user/.npm/_logs/2025-06-27T07_42_20_582Z-
9 verbose logfile /home/ec2-user/.npm/_logs/2025-06-27T07_42_20_582Z-debug-0.log
10 silly packumentCache heap:510394368 maxSize:127598592 maxEntrySize:63799296
11 silly logfile done cleaning log files
12 silly idealTree buildDeps
13 http fetch GET 200 https://registry.npmjs.org/npm 989ms
14 silly reify moves {}
15 verbose stack Error: EACCES: permission denied, mkdir '/home/ec2-user/node_modules/are-we-there-yet'
16 error code EACCES
17 error syscall mkdir
18 error path /home/ec2-user/node_modules/are-we-there-yet
19 error errno -13
20 error [Error: EACCES: permission denied, mkdir '/home/ec2-user/node_modules/are-we-there-yet'] {
20 error   errno: -13,
20 error   code: 'EACCES',
20 error   syscall: 'mkdir',
20 error   path: '/home/ec2-user/node_modules/are-we-there-yet'
20 error }
21 error
21 error The operation was rejected by your operating system.
21 error It is likely you do not have the permissions to access this file as the current user
21 error
21 error If you believe this might be a permissions issue, please double-check the
21 error permissions of the file and its containing directories, or try running
21 error the command again as root/Administrator.
22 silly unfinished npm timer reify 1751010141474
23 silly unfinished npm timer reify:createSparse 1751010142884
24 verbose cwd /home/ec2-user
25 verbose os Linux 6.1.141-155.222.amzn2023.x86_64
26 verbose node v18.20.8
27 verbose npm  v10.8.2
28 notice
28 notice New major version of npm available! 10.8.2 -> 11.4.2
28 notice Changelog: https://github.com/npm/cli/releases/tag/v11.4.2
28 notice To update run: npm install -g npm@11.4.2
28 notice  { force: true, [Symbol(proc-log.meta)]: true }
29 verbose exit -13
30 verbose code -13
31 error A complete log of this run can be found in: /home/ec2-user/.npm/_logs/2025-06-27T07_42_20_582Z-debug-0.log
